TN:
SF:capitalizeString.js
FN:1,capitalizeString
FNF:1
FNH:1
FNDA:1,capitalizeString
DA:2,1
DA:5,1
LF:2
LH:2
BRF:0
BRH:0
end_of_record
TN:
SF:reverseString.js
FN:1,reverseString
FNF:1
FNH:1
FNDA:1,reverseString
DA:2,1
DA:5,1
LF:2
LH:2
BRF:0
BRH:0
end_of_record
TN:
SF:simpleCalculator.js
FN:2,(anonymous_0)
FN:6,(anonymous_1)
FN:10,(anonymous_2)
FN:17,(anonymous_3)
FNF:4
FNH:4
FNDA:3,(anonymous_0)
FNDA:3,(anonymous_1)
FNDA:3,(anonymous_2)
FNDA:3,(anonymous_3)
DA:3,3
DA:7,3
DA:11,3
DA:12,1
DA:14,2
DA:18,3
DA:22,1
LF:7
LH:7
BRDA:11,0,0,1
BRDA:11,0,1,2
BRF:2
BRH:2
end_of_record
TN:
SF:stringLength.js
FN:1,stringLength
FNF:1
FNH:1
FNDA:3,stringLength
DA:2,3
DA:3,3
DA:4,2
DA:6,1
DA:9,1
LF:5
LH:5
BRDA:3,0,0,2
BRDA:3,0,1,1
BRDA:3,1,0,3
BRDA:3,1,1,2
BRF:4
BRH:4
end_of_record
